<?xml version="1.0" encoding="UTF-8"?>
<testsuite xmlns:xsi="http://www.w3.org/2001/XMLSchema-instance" xsi:noNamespaceSchemaLocation="https://maven.apache.org/surefire/maven-surefire-plugin/xsd/surefire-test-report-3.0.xsd" version="3.0" name="com.nam.mathutil.core.test.MathUtilAdvancedTest" time="0.105" tests="5" errors="0" skipped="0" failures="0">
  <properties>
[...]
</properties>
  <testcase name="checkFactorialGivenRightArgumentReturnWell(int, long)[1]" classname="com.nam.mathutil.core.test.MathUtilAdvancedTest" time="0.044"/>
  <testcase name="checkFactorialGivenRightArgumentReturnWell(int, long)[2]" classname="com.nam.mathutil.core.test.MathUtilAdvancedTest" time="0.001"/>
  <testcase name="checkFactorialGivenRightArgumentReturnWell(int, long)[3]" classname="com.nam.mathutil.core.test.MathUtilAdvancedTest" time="0.001"/>
  <testcase name="checkFactorialGivenRightArgumentReturnWell(int, long)[4]" classname="com.nam.mathutil.core.test.MathUtilAdvancedTest" time="0.001"/>
  <testcase name="checkFactorialGivenRightArgumentReturnWell(int, long)[5]" classname="com.nam.mathutil.core.test.MathUtilAdvancedTest" time="0.001"/>
</testsuite>